<?xml version="1.0" encoding="UTF-8"?>
<testsuite xmlns:xsi="http://www.w3.org/2001/XMLSchema-instance" xsi:noNamespaceSchemaLocation="https://maven.apache.org/surefire/maven-surefire-plugin/xsd/surefire-test-report.xsd" name="com.tweetapp.api.servicetest.UserServiceTest" time="0.547" tests="3" errors="0" skipped="0" failures="0">
  <properties>
    <property name="sun.desktop" value="gnome"/>
    <property name="awt.toolkit" value="sun.awt.X11.XToolkit"/>
    <property name="java.specification.version" value="11"/>
    <property name="sun.cpu.isalist" value=""/>
    <property name="sun.jnu.encoding" value="UTF-8"/>
    <property name="java.class.path" value="/home/arav/Desktop/FSE1/fse1/TweetAppBackend/target/test-classes:/home/arav/Desktop/FSE1/fse1/TweetAppBackend/target/classes:/home/arav/.m2/repository/org/springframework/boot/spring-boot-starter-actuator/2.4.5/spring-boot-starter-actuator-2.4.5.jar:/home/arav/.m2/repository/org/springframework/boot/spring-boot-starter/2.4.5/spring-boot-starter-2.4.5.jar:/home/arav/.m2/repository/org/springframework/boot/spring-boot-starter-logging/2.4.5/spring-boot-starter-logging-2.4.5.jar:/home/arav/.m2/repository/ch/qos/logback/logback-classic/1.2.3/logback-classic-1.2.3.jar:/home/arav/.m2/repository/ch/qos/logback/logback-core/1.2.3/logback-core-1.2.3.jar:/home/arav/.m2/repository/org/apache/logging/log4j/log4j-to-slf4j/2.13.3/log4j-to-slf4j-2.13.3.jar:/home/arav/.m2/repository/org/apache/logging/log4j/log4j-api/2.13.3/log4j-api-2.13.3.jar:/home/arav/.m2/repository/org/slf4j/jul-to-slf4j/1.7.30/jul-to-slf4j-1.7.30.jar:/home/arav/.m2/repository/jakarta/annotation/jakarta.annotation-api/1.3.5/jakarta.annotation-api-1.3.5.jar:/home/arav/.m2/repository/org/yaml/snakeyaml/1.27/snakeyaml-1.27.jar:/home/arav/.m2/repository/org/springframework/boot/spring-boot-actuator-autoconfigure/2.4.5/spring-boot-actuator-autoconfigure-2.4.5.jar:/home/arav/.m2/repository/org/springframework/boot/spring-boot-actuator/2.4.5/spring-boot-actuator-2.4.5.jar:/home/arav/.m2/repository/com/fasterxml/jackson/datatype/jackson-datatype-jsr310/2.11.4/jackson-datatype-jsr310-2.11.4.jar:/home/arav/.m2/repository/io/micrometer/micrometer-core/1.6.6/micrometer-core-1.6.6.jar:/home/arav/.m2/repository/org/hdrhistogram/HdrHistogram/2.1.12/HdrHistogram-2.1.12.jar:/home/arav/.m2/repository/org/latencyutils/LatencyUtils/2.0.3/LatencyUtils-2.0.3.jar:/home/arav/.m2/repository/org/springframework/boot/spring-boot-starter-amqp/2.4.5/spring-boot-starter-amqp-2.4.5.jar:/home/arav/.m2/repository/org/springframework/spring-messaging/5.3.6/spring-messaging-5.3.6.jar:/home/arav/.m2/repository/org/springframework/spring-beans/5.3.6/spring-beans-5.3.6.jar:/home/arav/.m2/repository/org/springframework/amqp/spring-rabbit/2.3.6/spring-rabbit-2.3.6.jar:/home/arav/.m2/repository/org/springframework/amqp/spring-amqp/2.3.6/spring-amqp-2.3.6.jar:/home/arav/.m2/repository/com/rabbitmq/amqp-client/5.10.0/amqp-client-5.10.0.jar:/home/arav/.m2/repository/org/springframework/boot/spring-boot-starter-data-mongodb/2.4.5/spring-boot-starter-data-mongodb-2.4.5.jar:/home/arav/.m2/repository/org/mongodb/mongodb-driver-sync/4.1.2/mongodb-driver-sync-4.1.2.jar:/home/arav/.m2/repository/org/mongodb/bson/4.1.2/bson-4.1.2.jar:/home/arav/.m2/repository/org/mongodb/mongodb-driver-core/4.1.2/mongodb-driver-core-4.1.2.jar:/home/arav/.m2/repository/org/springframework/data/spring-data-mongodb/3.1.8/spring-data-mongodb-3.1.8.jar:/home/arav/.m2/repository/org/springframework/spring-expression/5.3.6/spring-expression-5.3.6.jar:/home/arav/.m2/repository/org/springframework/data/spring-data-commons/2.4.8/spring-data-commons-2.4.8.jar:/home/arav/.m2/repository/org/slf4j/slf4j-api/1.7.30/slf4j-api-1.7.30.jar:/home/arav/.m2/repository/org/springdoc/springdoc-openapi-ui/1.6.3/springdoc-openapi-ui-1.6.3.jar:/home/arav/.m2/repository/org/springdoc/springdoc-openapi-webmvc-core/1.6.3/springdoc-openapi-webmvc-core-1.6.3.jar:/home/arav/.m2/repository/org/springdoc/springdoc-openapi-common/1.6.3/springdoc-openapi-common-1.6.3.jar:/home/arav/.m2/repository/io/swagger/core/v3/swagger-models/2.1.12/swagger-models-2.1.12.jar:/home/arav/.m2/repository/io/swagger/core/v3/swagger-annotations/2.1.12/swagger-annotations-2.1.12.jar:/home/arav/.m2/repository/io/swagger/core/v3/swagger-integration/2.1.12/swagger-integration-2.1.12.jar:/home/arav/.m2/repository/io/swagger/core/v3/swagger-core/2.1.12/swagger-core-2.1.12.jar:/home/arav/.m2/repository/com/fasterxml/jackson/dataformat/jackson-dataformat-yaml/2.11.4/jackson-dataformat-yaml-2.11.4.jar:/home/arav/.m2/repository/jakarta/validation/jakarta.validation-api/2.0.2/jakarta.validation-api-2.0.2.jar:/home/arav/.m2/repository/io/github/classgraph/classgraph/4.8.117/classgraph-4.8.117.jar:/home/arav/.m2/repository/io/github/toolfactory/jvm-driver/4.0.0/jvm-driver-4.0.0.jar:/home/arav/.m2/repository/io/github/toolfactory/narcissus/1.0.1/narcissus-1.0.1.jar:/home/arav/.m2/repository/org/apache/commons/commons-lang3/3.11/commons-lang3-3.11.jar:/home/arav/.m2/repository/org/webjars/swagger-ui/4.1.3/swagger-ui-4.1.3.jar:/home/arav/.m2/repository/org/webjars/webjars-locator-core/0.46/webjars-locator-core-0.46.jar:/home/arav/.m2/repository/org/springframework/boot/spring-boot-starter-web/2.4.5/spring-boot-starter-web-2.4.5.jar:/home/arav/.m2/repository/org/springframework/boot/spring-boot-starter-json/2.4.5/spring-boot-starter-json-2.4.5.jar:/home/arav/.m2/repository/com/fasterxml/jackson/datatype/jackson-datatype-jdk8/2.11.4/jackson-datatype-jdk8-2.11.4.jar:/home/arav/.m2/repository/com/fasterxml/jackson/module/jackson-module-parameter-names/2.11.4/jackson-module-parameter-names-2.11.4.jar:/home/arav/.m2/repository/org/springframework/boot/spring-boot-starter-tomcat/2.4.5/spring-boot-starter-tomcat-2.4.5.jar:/home/arav/.m2/repository/org/apache/tomcat/embed/tomcat-embed-core/9.0.45/tomcat-embed-core-9.0.45.jar:/home/arav/.m2/repository/org/glassfish/jakarta.el/3.0.3/jakarta.el-3.0.3.jar:/home/arav/.m2/repository/org/apache/tomcat/embed/tomcat-embed-websocket/9.0.45/tomcat-embed-websocket-9.0.45.jar:/home/arav/.m2/repository/org/springframework/spring-web/5.3.6/spring-web-5.3.6.jar:/home/arav/.m2/repository/org/springframework/spring-webmvc/5.3.6/spring-webmvc-5.3.6.jar:/home/arav/.m2/repository/org/springframework/spring-aop/5.3.6/spring-aop-5.3.6.jar:/home/arav/.m2/repository/org/springframework/kafka/spring-kafka/2.6.7/spring-kafka-2.6.7.jar:/home/arav/.m2/repository/org/springframework/spring-context/5.3.6/spring-context-5.3.6.jar:/home/arav/.m2/repository/org/springframework/spring-tx/5.3.6/spring-tx-5.3.6.jar:/home/arav/.m2/repository/org/springframework/retry/spring-retry/1.3.1/spring-retry-1.3.1.jar:/home/arav/.m2/repository/javax/annotation/javax.annotation-api/1.3.2/javax.annotation-api-1.3.2.jar:/home/arav/.m2/repository/org/apache/kafka/kafka-clients/2.6.0/kafka-clients-2.6.0.jar:/home/arav/.m2/repository/com/github/luben/zstd-jni/1.4.4-7/zstd-jni-1.4.4-7.jar:/home/arav/.m2/repository/org/lz4/lz4-java/1.7.1/lz4-java-1.7.1.jar:/home/arav/.m2/repository/org/xerial/snappy/snappy-java/1.1.7.3/snappy-java-1.1.7.3.jar:/home/arav/.m2/repository/org/springframework/boot/spring-boot-devtools/2.4.5/spring-boot-devtools-2.4.5.jar:/home/arav/.m2/repository/org/springframework/boot/spring-boot/2.4.5/spring-boot-2.4.5.jar:/home/arav/.m2/repository/org/springframework/boot/spring-boot-autoconfigure/2.4.5/spring-boot-autoconfigure-2.4.5.jar:/home/arav/.m2/repository/org/springframework/boot/spring-boot-starter-test/2.4.5/spring-boot-starter-test-2.4.5.jar:/home/arav/.m2/repository/org/springframework/boot/spring-boot-test/2.4.5/spring-boot-test-2.4.5.jar:/home/arav/.m2/repository/org/springframework/boot/spring-boot-test-autoconfigure/2.4.5/spring-boot-test-autoconfigure-2.4.5.jar:/home/arav/.m2/repository/com/jayway/jsonpath/json-path/2.4.0/json-path-2.4.0.jar:/home/arav/.m2/repository/net/minidev/json-smart/2.3/json-smart-2.3.jar:/home/arav/.m2/repository/net/minidev/accessors-smart/1.2/accessors-smart-1.2.jar:/home/arav/.m2/repository/org/ow2/asm/asm/5.0.4/asm-5.0.4.jar:/home/arav/.m2/repository/jakarta/xml/bind/jakarta.xml.bind-api/2.3.3/jakarta.xml.bind-api-2.3.3.jar:/home/arav/.m2/repository/jakarta/activation/jakarta.activation-api/1.2.2/jakarta.activation-api-1.2.2.jar:/home/arav/.m2/repository/org/assertj/assertj-core/3.18.1/assertj-core-3.18.1.jar:/home/arav/.m2/repository/org/hamcrest/hamcrest/2.2/hamcrest-2.2.jar:/home/arav/.m2/repository/org/junit/jupiter/junit-jupiter/5.7.1/junit-jupiter-5.7.1.jar:/home/arav/.m2/repository/org/junit/jupiter/junit-jupiter-params/5.7.1/junit-jupiter-params-5.7.1.jar:/home/arav/.m2/repository/org/junit/jupiter/junit-jupiter-engine/5.7.1/junit-jupiter-engine-5.7.1.jar:/home/arav/.m2/repository/org/junit/platform/junit-platform-engine/1.7.1/junit-platform-engine-1.7.1.jar:/home/arav/.m2/repository/org/mockito/mockito-core/3.6.28/mockito-core-3.6.28.jar:/home/arav/.m2/repository/net/bytebuddy/byte-buddy/1.10.22/byte-buddy-1.10.22.jar:/home/arav/.m2/repository/net/bytebuddy/byte-buddy-agent/1.10.22/byte-buddy-agent-1.10.22.jar:/home/arav/.m2/repository/org/objenesis/objenesis/3.1/objenesis-3.1.jar:/home/arav/.m2/repository/org/mockito/mockito-junit-jupiter/3.6.28/mockito-junit-jupiter-3.6.28.jar:/home/arav/.m2/repository/org/skyscreamer/jsonassert/1.5.0/jsonassert-1.5.0.jar:/home/arav/.m2/repository/com/vaadin/external/google/android-json/0.0.20131108.vaadin1/android-json-0.0.20131108.vaadin1.jar:/home/arav/.m2/repository/org/springframework/spring-core/5.3.6/spring-core-5.3.6.jar:/home/arav/.m2/repository/org/springframework/spring-jcl/5.3.6/spring-jcl-5.3.6.jar:/home/arav/.m2/repository/org/springframework/spring-test/5.3.6/spring-test-5.3.6.jar:/home/arav/.m2/repository/org/xmlunit/xmlunit-core/2.7.0/xmlunit-core-2.7.0.jar:/home/arav/.m2/repository/io/micrometer/micrometer-registry-prometheus/1.6.6/micrometer-registry-prometheus-1.6.6.jar:/home/arav/.m2/repository/io/prometheus/simpleclient_common/0.9.0/simpleclient_common-0.9.0.jar:/home/arav/.m2/repository/io/prometheus/simpleclient/0.9.0/simpleclient-0.9.0.jar:/home/arav/.m2/repository/org/springframework/kafka/spring-kafka-test/2.6.7/spring-kafka-test-2.6.7.jar:/home/arav/.m2/repository/org/apache/kafka/kafka-clients/2.6.1/kafka-clients-2.6.1-test.jar:/home/arav/.m2/repository/org/apache/kafka/kafka-streams/2.6.0/kafka-streams-2.6.0.jar:/home/arav/.m2/repository/org/apache/kafka/connect-json/2.6.0/connect-json-2.6.0.jar:/home/arav/.m2/repository/org/apache/kafka/connect-api/2.6.0/connect-api-2.6.0.jar:/home/arav/.m2/repository/org/rocksdb/rocksdbjni/5.18.4/rocksdbjni-5.18.4.jar:/home/arav/.m2/repository/org/apache/kafka/kafka-streams-test-utils/2.6.0/kafka-streams-test-utils-2.6.0.jar:/home/arav/.m2/repository/org/apache/kafka/kafka_2.13/2.6.0/kafka_2.13-2.6.0.jar:/home/arav/.m2/repository/com/fasterxml/jackson/module/jackson-module-scala_2.13/2.11.4/jackson-module-scala_2.13-2.11.4.jar:/home/arav/.m2/repository/com/fasterxml/jackson/module/jackson-module-paranamer/2.11.4/jackson-module-paranamer-2.11.4.jar:/home/arav/.m2/repository/com/thoughtworks/paranamer/paranamer/2.8/paranamer-2.8.jar:/home/arav/.m2/repository/com/fasterxml/jackson/dataformat/jackson-dataformat-csv/2.11.4/jackson-dataformat-csv-2.11.4.jar:/home/arav/.m2/repository/net/sf/jopt-simple/jopt-simple/5.0.4/jopt-simple-5.0.4.jar:/home/arav/.m2/repository/com/yammer/metrics/metrics-core/2.2.0/metrics-core-2.2.0.jar:/home/arav/.m2/repository/org/scala-lang/modules/scala-collection-compat_2.13/2.1.6/scala-collection-compat_2.13-2.1.6.jar:/home/arav/.m2/repository/org/scala-lang/modules/scala-java8-compat_2.13/0.9.1/scala-java8-compat_2.13-0.9.1.jar:/home/arav/.m2/repository/org/scala-lang/scala-library/2.13.2/scala-library-2.13.2.jar:/home/arav/.m2/repository/org/scala-lang/scala-reflect/2.13.2/scala-reflect-2.13.2.jar:/home/arav/.m2/repository/com/typesafe/scala-logging/scala-logging_2.13/3.9.2/scala-logging_2.13-3.9.2.jar:/home/arav/.m2/repository/org/apache/zookeeper/zookeeper/3.5.8/zookeeper-3.5.8.jar:/home/arav/.m2/repository/org/apache/zookeeper/zookeeper-jute/3.5.8/zookeeper-jute-3.5.8.jar:/home/arav/.m2/repository/org/apache/yetus/audience-annotations/0.5.0/audience-annotations-0.5.0.jar:/home/arav/.m2/repository/io/netty/netty-handler/4.1.63.Final/netty-handler-4.1.63.Final.jar:/home/arav/.m2/repository/io/netty/netty-common/4.1.63.Final/netty-common-4.1.63.Final.jar:/home/arav/.m2/repository/io/netty/netty-resolver/4.1.63.Final/netty-resolver-4.1.63.Final.jar:/home/arav/.m2/repository/io/netty/netty-buffer/4.1.63.Final/netty-buffer-4.1.63.Final.jar:/home/arav/.m2/repository/io/netty/netty-transport/4.1.63.Final/netty-transport-4.1.63.Final.jar:/home/arav/.m2/repository/io/netty/netty-codec/4.1.63.Final/netty-codec-4.1.63.Final.jar:/home/arav/.m2/repository/io/netty/netty-transport-native-epoll/4.1.63.Final/netty-transport-native-epoll-4.1.63.Final.jar:/home/arav/.m2/repository/io/netty/netty-transport-native-unix-common/4.1.63.Final/netty-transport-native-unix-common-4.1.63.Final.jar:/home/arav/.m2/repository/commons-cli/commons-cli/1.4/commons-cli-1.4.jar:/home/arav/.m2/repository/org/apache/kafka/kafka_2.13/2.6.1/kafka_2.13-2.6.1-test.jar:/home/arav/.m2/repository/org/junit/jupiter/junit-jupiter-api/5.7.1/junit-jupiter-api-5.7.1.jar:/home/arav/.m2/repository/org/apiguardian/apiguardian-api/1.1.0/apiguardian-api-1.1.0.jar:/home/arav/.m2/repository/org/opentest4j/opentest4j/1.2.0/opentest4j-1.2.0.jar:/home/arav/.m2/repository/org/junit/platform/junit-platform-commons/1.7.1/junit-platform-commons-1.7.1.jar:/home/arav/.m2/repository/org/hibernate/hibernate-validator/5.3.4.Final/hibernate-validator-5.3.4.Final.jar:/home/arav/.m2/repository/javax/validation/validation-api/2.0.1.Final/validation-api-2.0.1.Final.jar:/home/arav/.m2/repository/org/jboss/logging/jboss-logging/3.4.1.Final/jboss-logging-3.4.1.Final.jar:/home/arav/.m2/repository/com/fasterxml/classmate/1.5.1/classmate-1.5.1.jar:/home/arav/.m2/repository/com/auth0/java-jwt/3.2.0/java-jwt-3.2.0.jar:/home/arav/.m2/repository/commons-codec/commons-codec/1.15/commons-codec-1.15.jar:/home/arav/.m2/repository/org/bouncycastle/bcprov-jdk15on/1.55/bcprov-jdk15on-1.55.jar:/home/arav/.m2/repository/com/fasterxml/jackson/core/jackson-databind/2.11.4/jackson-databind-2.11.4.jar:/home/arav/.m2/repository/com/fasterxml/jackson/core/jackson-annotations/2.11.4/jackson-annotations-2.11.4.jar:/home/arav/.m2/repository/com/fasterxml/jackson/core/jackson-core/2.11.4/jackson-core-2.11.4.jar:"/>
    <property name="java.vm.vendor" value="Amazon.com Inc."/>
    <property name="sun.arch.data.model" value="64"/>
    <property name="java.vendor.url" value="https://aws.amazon.com/corretto/"/>
    <property name="user.timezone" value=""/>
    <property name="java.vm.specification.version" value="11"/>
    <property name="os.name" value="Linux"/>
    <property name="sun.java.launcher" value="SUN_STANDARD"/>
    <property name="user.country" value="GB"/>
    <property name="sun.boot.library.path" value="/usr/lib/jvm/java-11-amazon-corretto/lib"/>
    <property name="sun.java.command" value="/home/arav/Desktop/FSE1/fse1/TweetAppBackend/target/surefire/surefirebooter1913619162950272676.jar /home/arav/Desktop/FSE1/fse1/TweetAppBackend/target/surefire 2022-11-10T11-10-47_152-jvmRun1 surefire11745244617593842596tmp surefire_06448028851902607141tmp"/>
    <property name="jdk.debug" value="release"/>
    <property name="surefire.test.class.path" value="/home/arav/Desktop/FSE1/fse1/TweetAppBackend/target/test-classes:/home/arav/Desktop/FSE1/fse1/TweetAppBackend/target/classes:/home/arav/.m2/repository/org/springframework/boot/spring-boot-starter-actuator/2.4.5/spring-boot-starter-actuator-2.4.5.jar:/home/arav/.m2/repository/org/springframework/boot/spring-boot-starter/2.4.5/spring-boot-starter-2.4.5.jar:/home/arav/.m2/repository/org/springframework/boot/spring-boot-starter-logging/2.4.5/spring-boot-starter-logging-2.4.5.jar:/home/arav/.m2/repository/ch/qos/logback/logback-classic/1.2.3/logback-classic-1.2.3.jar:/home/arav/.m2/repository/ch/qos/logback/logback-core/1.2.3/logback-core-1.2.3.jar:/home/arav/.m2/repository/org/apache/logging/log4j/log4j-to-slf4j/2.13.3/log4j-to-slf4j-2.13.3.jar:/home/arav/.m2/repository/org/apache/logging/log4j/log4j-api/2.13.3/log4j-api-2.13.3.jar:/home/arav/.m2/repository/org/slf4j/jul-to-slf4j/1.7.30/jul-to-slf4j-1.7.30.jar:/home/arav/.m2/repository/jakarta/annotation/jakarta.annotation-api/1.3.5/jakarta.annotation-api-1.3.5.jar:/home/arav/.m2/repository/org/yaml/snakeyaml/1.27/snakeyaml-1.27.jar:/home/arav/.m2/repository/org/springframework/boot/spring-boot-actuator-autoconfigure/2.4.5/spring-boot-actuator-autoconfigure-2.4.5.jar:/home/arav/.m2/repository/org/springframework/boot/spring-boot-actuator/2.4.5/spring-boot-actuator-2.4.5.jar:/home/arav/.m2/repository/com/fasterxml/jackson/datatype/jackson-datatype-jsr310/2.11.4/jackson-datatype-jsr310-2.11.4.jar:/home/arav/.m2/repository/io/micrometer/micrometer-core/1.6.6/micrometer-core-1.6.6.jar:/home/arav/.m2/repository/org/hdrhistogram/HdrHistogram/2.1.12/HdrHistogram-2.1.12.jar:/home/arav/.m2/repository/org/latencyutils/LatencyUtils/2.0.3/LatencyUtils-2.0.3.jar:/home/arav/.m2/repository/org/springframework/boot/spring-boot-starter-amqp/2.4.5/spring-boot-starter-amqp-2.4.5.jar:/home/arav/.m2/repository/org/springframework/spring-messaging/5.3.6/spring-messaging-5.3.6.jar:/home/arav/.m2/repository/org/springframework/spring-beans/5.3.6/spring-beans-5.3.6.jar:/home/arav/.m2/repository/org/springframework/amqp/spring-rabbit/2.3.6/spring-rabbit-2.3.6.jar:/home/arav/.m2/repository/org/springframework/amqp/spring-amqp/2.3.6/spring-amqp-2.3.6.jar:/home/arav/.m2/repository/com/rabbitmq/amqp-client/5.10.0/amqp-client-5.10.0.jar:/home/arav/.m2/repository/org/springframework/boot/spring-boot-starter-data-mongodb/2.4.5/spring-boot-starter-data-mongodb-2.4.5.jar:/home/arav/.m2/repository/org/mongodb/mongodb-driver-sync/4.1.2/mongodb-driver-sync-4.1.2.jar:/home/arav/.m2/repository/org/mongodb/bson/4.1.2/bson-4.1.2.jar:/home/arav/.m2/repository/org/mongodb/mongodb-driver-core/4.1.2/mongodb-driver-core-4.1.2.jar:/home/arav/.m2/repository/org/springframework/data/spring-data-mongodb/3.1.8/spring-data-mongodb-3.1.8.jar:/home/arav/.m2/repository/org/springframework/spring-expression/5.3.6/spring-expression-5.3.6.jar:/home/arav/.m2/repository/org/springframework/data/spring-data-commons/2.4.8/spring-data-commons-2.4.8.jar:/home/arav/.m2/repository/org/slf4j/slf4j-api/1.7.30/slf4j-api-1.7.30.jar:/home/arav/.m2/repository/org/springdoc/springdoc-openapi-ui/1.6.3/springdoc-openapi-ui-1.6.3.jar:/home/arav/.m2/repository/org/springdoc/springdoc-openapi-webmvc-core/1.6.3/springdoc-openapi-webmvc-core-1.6.3.jar:/home/arav/.m2/repository/org/springdoc/springdoc-openapi-common/1.6.3/springdoc-openapi-common-1.6.3.jar:/home/arav/.m2/repository/io/swagger/core/v3/swagger-models/2.1.12/swagger-models-2.1.12.jar:/home/arav/.m2/repository/io/swagger/core/v3/swagger-annotations/2.1.12/swagger-annotations-2.1.12.jar:/home/arav/.m2/repository/io/swagger/core/v3/swagger-integration/2.1.12/swagger-integration-2.1.12.jar:/home/arav/.m2/repository/io/swagger/core/v3/swagger-core/2.1.12/swagger-core-2.1.12.jar:/home/arav/.m2/repository/com/fasterxml/jackson/dataformat/jackson-dataformat-yaml/2.11.4/jackson-dataformat-yaml-2.11.4.jar:/home/arav/.m2/repository/jakarta/validation/jakarta.validation-api/2.0.2/jakarta.validation-api-2.0.2.jar:/home/arav/.m2/repository/io/github/classgraph/classgraph/4.8.117/classgraph-4.8.117.jar:/home/arav/.m2/repository/io/github/toolfactory/jvm-driver/4.0.0/jvm-driver-4.0.0.jar:/home/arav/.m2/repository/io/github/toolfactory/narcissus/1.0.1/narcissus-1.0.1.jar:/home/arav/.m2/repository/org/apache/commons/commons-lang3/3.11/commons-lang3-3.11.jar:/home/arav/.m2/repository/org/webjars/swagger-ui/4.1.3/swagger-ui-4.1.3.jar:/home/arav/.m2/repository/org/webjars/webjars-locator-core/0.46/webjars-locator-core-0.46.jar:/home/arav/.m2/repository/org/springframework/boot/spring-boot-starter-web/2.4.5/spring-boot-starter-web-2.4.5.jar:/home/arav/.m2/repository/org/springframework/boot/spring-boot-starter-json/2.4.5/spring-boot-starter-json-2.4.5.jar:/home/arav/.m2/repository/com/fasterxml/jackson/datatype/jackson-datatype-jdk8/2.11.4/jackson-datatype-jdk8-2.11.4.jar:/home/arav/.m2/repository/com/fasterxml/jackson/module/jackson-module-parameter-names/2.11.4/jackson-module-parameter-names-2.11.4.jar:/home/arav/.m2/repository/org/springframework/boot/spring-boot-starter-tomcat/2.4.5/spring-boot-starter-tomcat-2.4.5.jar:/home/arav/.m2/repository/org/apache/tomcat/embed/tomcat-embed-core/9.0.45/tomcat-embed-core-9.0.45.jar:/home/arav/.m2/repository/org/glassfish/jakarta.el/3.0.3/jakarta.el-3.0.3.jar:/home/arav/.m2/repository/org/apache/tomcat/embed/tomcat-embed-websocket/9.0.45/tomcat-embed-websocket-9.0.45.jar:/home/arav/.m2/repository/org/springframework/spring-web/5.3.6/spring-web-5.3.6.jar:/home/arav/.m2/repository/org/springframework/spring-webmvc/5.3.6/spring-webmvc-5.3.6.jar:/home/arav/.m2/repository/org/springframework/spring-aop/5.3.6/spring-aop-5.3.6.jar:/home/arav/.m2/repository/org/springframework/kafka/spring-kafka/2.6.7/spring-kafka-2.6.7.jar:/home/arav/.m2/repository/org/springframework/spring-context/5.3.6/spring-context-5.3.6.jar:/home/arav/.m2/repository/org/springframework/spring-tx/5.3.6/spring-tx-5.3.6.jar:/home/arav/.m2/repository/org/springframework/retry/spring-retry/1.3.1/spring-retry-1.3.1.jar:/home/arav/.m2/repository/javax/annotation/javax.annotation-api/1.3.2/javax.annotation-api-1.3.2.jar:/home/arav/.m2/repository/org/apache/kafka/kafka-clients/2.6.0/kafka-clients-2.6.0.jar:/home/arav/.m2/repository/com/github/luben/zstd-jni/1.4.4-7/zstd-jni-1.4.4-7.jar:/home/arav/.m2/repository/org/lz4/lz4-java/1.7.1/lz4-java-1.7.1.jar:/home/arav/.m2/repository/org/xerial/snappy/snappy-java/1.1.7.3/snappy-java-1.1.7.3.jar:/home/arav/.m2/repository/org/springframework/boot/spring-boot-devtools/2.4.5/spring-boot-devtools-2.4.5.jar:/home/arav/.m2/repository/org/springframework/boot/spring-boot/2.4.5/spring-boot-2.4.5.jar:/home/arav/.m2/repository/org/springframework/boot/spring-boot-autoconfigure/2.4.5/spring-boot-autoconfigure-2.4.5.jar:/home/arav/.m2/repository/org/springframework/boot/spring-boot-starter-test/2.4.5/spring-boot-starter-test-2.4.5.jar:/home/arav/.m2/repository/org/springframework/boot/spring-boot-test/2.4.5/spring-boot-test-2.4.5.jar:/home/arav/.m2/repository/org/springframework/boot/spring-boot-test-autoconfigure/2.4.5/spring-boot-test-autoconfigure-2.4.5.jar:/home/arav/.m2/repository/com/jayway/jsonpath/json-path/2.4.0/json-path-2.4.0.jar:/home/arav/.m2/repository/net/minidev/json-smart/2.3/json-smart-2.3.jar:/home/arav/.m2/repository/net/minidev/accessors-smart/1.2/accessors-smart-1.2.jar:/home/arav/.m2/repository/org/ow2/asm/asm/5.0.4/asm-5.0.4.jar:/home/arav/.m2/repository/jakarta/xml/bind/jakarta.xml.bind-api/2.3.3/jakarta.xml.bind-api-2.3.3.jar:/home/arav/.m2/repository/jakarta/activation/jakarta.activation-api/1.2.2/jakarta.activation-api-1.2.2.jar:/home/arav/.m2/repository/org/assertj/assertj-core/3.18.1/assertj-core-3.18.1.jar:/home/arav/.m2/repository/org/hamcrest/hamcrest/2.2/hamcrest-2.2.jar:/home/arav/.m2/repository/org/junit/jupiter/junit-jupiter/5.7.1/junit-jupiter-5.7.1.jar:/home/arav/.m2/repository/org/junit/jupiter/junit-jupiter-params/5.7.1/junit-jupiter-params-5.7.1.jar:/home/arav/.m2/repository/org/junit/jupiter/junit-jupiter-engine/5.7.1/junit-jupiter-engine-5.7.1.jar:/home/arav/.m2/repository/org/junit/platform/junit-platform-engine/1.7.1/junit-platform-engine-1.7.1.jar:/home/arav/.m2/repository/org/mockito/mockito-core/3.6.28/mockito-core-3.6.28.jar:/home/arav/.m2/repository/net/bytebuddy/byte-buddy/1.10.22/byte-buddy-1.10.22.jar:/home/arav/.m2/repository/net/bytebuddy/byte-buddy-agent/1.10.22/byte-buddy-agent-1.10.22.jar:/home/arav/.m2/repository/org/objenesis/objenesis/3.1/objenesis-3.1.jar:/home/arav/.m2/repository/org/mockito/mockito-junit-jupiter/3.6.28/mockito-junit-jupiter-3.6.28.jar:/home/arav/.m2/repository/org/skyscreamer/jsonassert/1.5.0/jsonassert-1.5.0.jar:/home/arav/.m2/repository/com/vaadin/external/google/android-json/0.0.20131108.vaadin1/android-json-0.0.20131108.vaadin1.jar:/home/arav/.m2/repository/org/springframework/spring-core/5.3.6/spring-core-5.3.6.jar:/home/arav/.m2/repository/org/springframework/spring-jcl/5.3.6/spring-jcl-5.3.6.jar:/home/arav/.m2/repository/org/springframework/spring-test/5.3.6/spring-test-5.3.6.jar:/home/arav/.m2/repository/org/xmlunit/xmlunit-core/2.7.0/xmlunit-core-2.7.0.jar:/home/arav/.m2/repository/io/micrometer/micrometer-registry-prometheus/1.6.6/micrometer-registry-prometheus-1.6.6.jar:/home/arav/.m2/repository/io/prometheus/simpleclient_common/0.9.0/simpleclient_common-0.9.0.jar:/home/arav/.m2/repository/io/prometheus/simpleclient/0.9.0/simpleclient-0.9.0.jar:/home/arav/.m2/repository/org/springframework/kafka/spring-kafka-test/2.6.7/spring-kafka-test-2.6.7.jar:/home/arav/.m2/repository/org/apache/kafka/kafka-clients/2.6.1/kafka-clients-2.6.1-test.jar:/home/arav/.m2/repository/org/apache/kafka/kafka-streams/2.6.0/kafka-streams-2.6.0.jar:/home/arav/.m2/repository/org/apache/kafka/connect-json/2.6.0/connect-json-2.6.0.jar:/home/arav/.m2/repository/org/apache/kafka/connect-api/2.6.0/connect-api-2.6.0.jar:/home/arav/.m2/repository/org/rocksdb/rocksdbjni/5.18.4/rocksdbjni-5.18.4.jar:/home/arav/.m2/repository/org/apache/kafka/kafka-streams-test-utils/2.6.0/kafka-streams-test-utils-2.6.0.jar:/home/arav/.m2/repository/org/apache/kafka/kafka_2.13/2.6.0/kafka_2.13-2.6.0.jar:/home/arav/.m2/repository/com/fasterxml/jackson/module/jackson-module-scala_2.13/2.11.4/jackson-module-scala_2.13-2.11.4.jar:/home/arav/.m2/repository/com/fasterxml/jackson/module/jackson-module-paranamer/2.11.4/jackson-module-paranamer-2.11.4.jar:/home/arav/.m2/repository/com/thoughtworks/paranamer/paranamer/2.8/paranamer-2.8.jar:/home/arav/.m2/repository/com/fasterxml/jackson/dataformat/jackson-dataformat-csv/2.11.4/jackson-dataformat-csv-2.11.4.jar:/home/arav/.m2/repository/net/sf/jopt-simple/jopt-simple/5.0.4/jopt-simple-5.0.4.jar:/home/arav/.m2/repository/com/yammer/metrics/metrics-core/2.2.0/metrics-core-2.2.0.jar:/home/arav/.m2/repository/org/scala-lang/modules/scala-collection-compat_2.13/2.1.6/scala-collection-compat_2.13-2.1.6.jar:/home/arav/.m2/repository/org/scala-lang/modules/scala-java8-compat_2.13/0.9.1/scala-java8-compat_2.13-0.9.1.jar:/home/arav/.m2/repository/org/scala-lang/scala-library/2.13.2/scala-library-2.13.2.jar:/home/arav/.m2/repository/org/scala-lang/scala-reflect/2.13.2/scala-reflect-2.13.2.jar:/home/arav/.m2/repository/com/typesafe/scala-logging/scala-logging_2.13/3.9.2/scala-logging_2.13-3.9.2.jar:/home/arav/.m2/repository/org/apache/zookeeper/zookeeper/3.5.8/zookeeper-3.5.8.jar:/home/arav/.m2/repository/org/apache/zookeeper/zookeeper-jute/3.5.8/zookeeper-jute-3.5.8.jar:/home/arav/.m2/repository/org/apache/yetus/audience-annotations/0.5.0/audience-annotations-0.5.0.jar:/home/arav/.m2/repository/io/netty/netty-handler/4.1.63.Final/netty-handler-4.1.63.Final.jar:/home/arav/.m2/repository/io/netty/netty-common/4.1.63.Final/netty-common-4.1.63.Final.jar:/home/arav/.m2/repository/io/netty/netty-resolver/4.1.63.Final/netty-resolver-4.1.63.Final.jar:/home/arav/.m2/repository/io/netty/netty-buffer/4.1.63.Final/netty-buffer-4.1.63.Final.jar:/home/arav/.m2/repository/io/netty/netty-transport/4.1.63.Final/netty-transport-4.1.63.Final.jar:/home/arav/.m2/repository/io/netty/netty-codec/4.1.63.Final/netty-codec-4.1.63.Final.jar:/home/arav/.m2/repository/io/netty/netty-transport-native-epoll/4.1.63.Final/netty-transport-native-epoll-4.1.63.Final.jar:/home/arav/.m2/repository/io/netty/netty-transport-native-unix-common/4.1.63.Final/netty-transport-native-unix-common-4.1.63.Final.jar:/home/arav/.m2/repository/commons-cli/commons-cli/1.4/commons-cli-1.4.jar:/home/arav/.m2/repository/org/apache/kafka/kafka_2.13/2.6.1/kafka_2.13-2.6.1-test.jar:/home/arav/.m2/repository/org/junit/jupiter/junit-jupiter-api/5.7.1/junit-jupiter-api-5.7.1.jar:/home/arav/.m2/repository/org/apiguardian/apiguardian-api/1.1.0/apiguardian-api-1.1.0.jar:/home/arav/.m2/repository/org/opentest4j/opentest4j/1.2.0/opentest4j-1.2.0.jar:/home/arav/.m2/repository/org/junit/platform/junit-platform-commons/1.7.1/junit-platform-commons-1.7.1.jar:/home/arav/.m2/repository/org/hibernate/hibernate-validator/5.3.4.Final/hibernate-validator-5.3.4.Final.jar:/home/arav/.m2/repository/javax/validation/validation-api/2.0.1.Final/validation-api-2.0.1.Final.jar:/home/arav/.m2/repository/org/jboss/logging/jboss-logging/3.4.1.Final/jboss-logging-3.4.1.Final.jar:/home/arav/.m2/repository/com/fasterxml/classmate/1.5.1/classmate-1.5.1.jar:/home/arav/.m2/repository/com/auth0/java-jwt/3.2.0/java-jwt-3.2.0.jar:/home/arav/.m2/repository/commons-codec/commons-codec/1.15/commons-codec-1.15.jar:/home/arav/.m2/repository/org/bouncycastle/bcprov-jdk15on/1.55/bcprov-jdk15on-1.55.jar:/home/arav/.m2/repository/com/fasterxml/jackson/core/jackson-databind/2.11.4/jackson-databind-2.11.4.jar:/home/arav/.m2/repository/com/fasterxml/jackson/core/jackson-annotations/2.11.4/jackson-annotations-2.11.4.jar:/home/arav/.m2/repository/com/fasterxml/jackson/core/jackson-core/2.11.4/jackson-core-2.11.4.jar:"/>
    <property name="sun.cpu.endian" value="little"/>
    <property name="user.home" value="/home/arav"/>
    <property name="user.language" value="en"/>
    <property name="java.specification.vendor" value="Oracle Corporation"/>
    <property name="java.version.date" value="2022-08-12"/>
    <property name="java.home" value="/usr/lib/jvm/java-11-amazon-corretto"/>
    <property name="file.separator" value="/"/>
    <property name="basedir" value="/home/arav/Desktop/FSE1/fse1/TweetAppBackend"/>
    <property name="java.vm.compressedOopsMode" value="Zero based"/>
    <property name="line.separator" value="&#10;"/>
    <property name="java.specification.name" value="Java Platform API Specification"/>
    <property name="java.vm.specification.vendor" value="Oracle Corporation"/>
    <property name="java.awt.graphicsenv" value="sun.awt.X11GraphicsEnvironment"/>
    <property name="surefire.real.class.path" value="/home/arav/Desktop/FSE1/fse1/TweetAppBackend/target/surefire/surefirebooter1913619162950272676.jar"/>
    <property name="sun.management.compiler" value="HotSpot 64-Bit Tiered Compilers"/>
    <property name="java.runtime.version" value="11.0.16.1+9-LTS"/>
    <property name="user.name" value="arav"/>
    <property name="path.separator" value=":"/>
    <property name="os.version" value="5.15.0-52-generic"/>
    <property name="java.runtime.name" value="OpenJDK Runtime Environment"/>
    <property name="file.encoding" value="UTF-8"/>
    <property name="java.vm.name" value="OpenJDK 64-Bit Server VM"/>
    <property name="java.vendor.version" value="Corretto-11.0.16.9.1"/>
    <property name="localRepository" value="/home/arav/.m2/repository"/>
    <property name="java.vendor.url.bug" value="https://github.com/corretto/corretto-11/issues/"/>
    <property name="java.io.tmpdir" value="/tmp"/>
    <property name="java.version" value="11.0.16.1"/>
    <property name="user.dir" value="/home/arav/Desktop/FSE1/fse1/TweetAppBackend"/>
    <property name="os.arch" value="amd64"/>
    <property name="java.vm.specification.name" value="Java Virtual Machine Specification"/>
    <property name="java.awt.printerjob" value="sun.print.PSPrinterJob"/>
    <property name="sun.os.patch.level" value="unknown"/>
    <property name="java.library.path" value="/usr/java/packages/lib:/usr/lib64:/lib64:/lib:/usr/lib"/>
    <property name="java.vm.info" value="mixed mode"/>
    <property name="java.vendor" value="Amazon.com Inc."/>
    <property name="java.vm.version" value="11.0.16.1+9-LTS"/>
    <property name="sun.io.unicode.encoding" value="UnicodeLittle"/>
    <property name="java.class.version" value="55.0"/>
  </properties>
  <testcase name="getAllUsersPositiveTest" classname="com.tweetapp.api.servicetest.UserServiceTest" time="0.444"/>
  <testcase name="registerPositiveTest" classname="com.tweetapp.api.servicetest.UserServiceTest" time="0.005"/>
  <testcase name="signUpPostiveTest" classname="com.tweetapp.api.servicetest.UserServiceTest" time="0.003"/>
</testsuite>